0 info it worked if it ends with ok
1 verbose cli [ 'C:\\Program Files\\nodejs\\node.exe',
1 verbose cli   'C:\\Program Files\\nodejs\\node_modules\\npm\\bin\\npm-cli.js',
1 verbose cli   'install',
1 verbose cli   'pace.js' ]
2 info using npm@2.15.9
3 info using node@v4.5.0
4 verbose install initial load of C:\DEV\bootStrapPortfolio\package.json
5 warn package.json bootstrapportfolio@1.0.0 No repository field.
6 verbose installManyTop reading scoped package data from C:\DEV\bootStrapPortfolio\node_modules\angular\package.json
7 verbose installManyTop reading scoped package data from C:\DEV\bootStrapPortfolio\node_modules\bower\package.json
8 verbose installManyTop reading scoped package data from C:\DEV\bootStrapPortfolio\node_modules\gulp\package.json
9 verbose installManyTop reading scoped package data from C:\DEV\bootStrapPortfolio\node_modules\gulp-connect\package.json
10 verbose installManyTop reading scoped package data from C:\DEV\bootStrapPortfolio\node_modules\gulp-inject\package.json
11 verbose installManyTop reading scoped package data from C:\DEV\bootStrapPortfolio\node_modules\gulp-livereload\package.json
12 verbose installManyTop reading scoped package data from C:\DEV\bootStrapPortfolio\node_modules\gulp-open\package.json
13 verbose installManyTop reading scoped package data from C:\DEV\bootStrapPortfolio\node_modules\gulp-util\package.json
14 verbose installManyTop reading scoped package data from C:\DEV\bootStrapPortfolio\node_modules\install\package.json
15 verbose installManyTop reading scoped package data from C:\DEV\bootStrapPortfolio\node_modules\jQuery\package.json
16 verbose installManyTop reading scoped package data from C:\DEV\bootStrapPortfolio\node_modules\javascript\package.json
17 verbose installManyTop reading scoped package data from C:\DEV\bootStrapPortfolio\node_modules\npm\package.json
18 verbose installManyTop reading scoped package data from C:\DEV\bootStrapPortfolio\node_modules\ui-router\package.json
19 verbose installManyTop reading scoped package data from C:\DEV\bootStrapPortfolio\node_modules\wiredep\package.json
20 info package.json javascript@0.0.0 No repository field.
21 info package.json jQuery@1.7.4 No license field.
22 verbose readDependencies loading dependencies from C:\DEV\bootStrapPortfolio\package.json
23 silly cache add args [ 'pace.js', null ]
24 verbose cache add spec pace.js
25 silly cache add parsed spec Result {
25 silly cache add   raw: 'pace.js',
25 silly cache add   scope: null,
25 silly cache add   name: 'pace.js',
25 silly cache add   rawSpec: '',
25 silly cache add   spec: 'latest',
25 silly cache add   type: 'tag' }
26 silly addNamed pace.js@latest
27 verbose addNamed "latest" is being treated as a dist-tag for pace.js
28 info addNameTag [ 'pace.js', 'latest' ]
29 silly mapToRegistry name pace.js
30 silly mapToRegistry using default registry
31 silly mapToRegistry registry https://registry.npmjs.org/
32 silly mapToRegistry data Result {
32 silly mapToRegistry   raw: 'pace.js',
32 silly mapToRegistry   scope: null,
32 silly mapToRegistry   name: 'pace.js',
32 silly mapToRegistry   rawSpec: '',
32 silly mapToRegistry   spec: 'latest',
32 silly mapToRegistry   type: 'tag' }
33 silly mapToRegistry uri https://registry.npmjs.org/pace.js
34 verbose addNameTag registry:https://registry.npmjs.org/pace.js not in flight; fetching
35 verbose request uri https://registry.npmjs.org/pace.js
36 verbose request no auth needed
37 info attempt registry request try #1 at 6:45:47 PM
38 verbose request id 3ad02566140ab819
39 http request GET https://registry.npmjs.org/pace.js
40 http 404 https://registry.npmjs.org/pace.js
41 verbose headers { 'content-type': 'application/json',
41 verbose headers   'cache-control': 'max-age=0',
41 verbose headers   'content-length': '2',
41 verbose headers   'accept-ranges': 'bytes',
41 verbose headers   date: 'Wed, 01 Feb 2017 02:45:47 GMT',
41 verbose headers   via: '1.1 varnish',
41 verbose headers   age: '0',
41 verbose headers   connection: 'keep-alive',
41 verbose headers   'x-served-by': 'cache-lax8650-LAX',
41 verbose headers   'x-cache': 'MISS',
41 verbose headers   'x-cache-hits': '0',
41 verbose headers   'x-timer': 'S1485917146.971534,VS0,VE205',
41 verbose headers   vary: 'Accept-Encoding' }
42 silly get cb [ 404,
42 silly get   { 'content-type': 'application/json',
42 silly get     'cache-control': 'max-age=0',
42 silly get     'content-length': '2',
42 silly get     'accept-ranges': 'bytes',
42 silly get     date: 'Wed, 01 Feb 2017 02:45:47 GMT',
42 silly get     via: '1.1 varnish',
42 silly get     age: '0',
42 silly get     connection: 'keep-alive',
42 silly get     'x-served-by': 'cache-lax8650-LAX',
42 silly get     'x-cache': 'MISS',
42 silly get     'x-cache-hits': '0',
42 silly get     'x-timer': 'S1485917146.971534,VS0,VE205',
42 silly get     vary: 'Accept-Encoding' } ]
43 verbose stack Error: Registry returned 404 for GET on https://registry.npmjs.org/pace.js
43 verbose stack     at makeError (C:\Program Files\nodejs\node_modules\npm\node_modules\npm-registry-client\lib\request.js:264:12)
43 verbose stack     at CachingRegistryClient.<anonymous> (C:\Program Files\nodejs\node_modules\npm\node_modules\npm-registry-client\lib\request.js:242:14)
43 verbose stack     at Request._callback (C:\Program Files\nodejs\node_modules\npm\node_modules\npm-registry-client\lib\request.js:172:14)
43 verbose stack     at Request.self.callback (C:\Program Files\nodejs\node_modules\npm\node_modules\request\request.js:200:22)
43 verbose stack     at emitTwo (events.js:87:13)
43 verbose stack     at Request.emit (events.js:172:7)
43 verbose stack     at Request.<anonymous> (C:\Program Files\nodejs\node_modules\npm\node_modules\request\request.js:1067:10)
43 verbose stack     at emitOne (events.js:82:20)
43 verbose stack     at Request.emit (events.js:169:7)
43 verbose stack     at IncomingMessage.<anonymous> (C:\Program Files\nodejs\node_modules\npm\node_modules\request\request.js:988:12)
44 verbose statusCode 404
45 verbose pkgid pace.js
46 verbose cwd C:\DEV\bootStrapPortfolio
47 error Windows_NT 10.0.14393
48 error argv "C:\\Program Files\\nodejs\\node.exe" "C:\\Program Files\\nodejs\\node_modules\\npm\\bin\\npm-cli.js" "install" "pace.js"
49 error node v4.5.0
50 error npm  v2.15.9
51 error code E404
52 error 404 Registry returned 404 for GET on https://registry.npmjs.org/pace.js
52 error 404
52 error 404 'pace.js' is not in the npm registry.
52 error 404 You should bug the author to publish it (or use the name yourself!)
52 error 404 It was specified as a dependency of 'bootstrapportfolio'
52 error 404
52 error 404 Note that you can also install from a
52 error 404 tarball, folder, http url, or git url.
53 verbose exit [ 1, true ]
